\BOOKMARK [0][-]{section*.1}{\376\377\000D\000e\000c\000l\000a\000r\000a\000t\000i\000o\000n\000\040\000o\000f\000\040\000A\000u\000t\000h\000o\000r\000s\000h\000i\000p}{}% 1
\BOOKMARK [0][-]{section*.2}{\376\377\000A\000b\000s\000t\000r\000a\000c\000t}{}% 2
\BOOKMARK [0][-]{section*.3}{\376\377\000A\000c\000k\000n\000o\000w\000l\000e\000d\000g\000e\000m\000e\000n\000t\000s}{}% 3
\BOOKMARK [0][-]{chapter.12}{\376\377\000I\000n\000t\000r\000o\000d\000u\000c\000t\000i\000o\000n}{}% 4
\BOOKMARK [0][-]{chapter.14}{\376\377\000R\000e\000l\000a\000t\000e\000d\000\040\000W\000o\000r\000k}{}% 5
\BOOKMARK [0][-]{chapter.20}{\376\377\000A\000p\000p\000r\000o\000a\000c\000h\000e\000s}{}% 6
\BOOKMARK [1][-]{section.21}{\376\377\000G\000e\000o\000m\000e\000t\000r\000y\000\040\000b\000a\000s\000e\000d\000\040\000n\000o\000r\000m\000a\000l\000\040\000e\000s\000t\000i\000m\000a\000t\000i\000o\000n}{chapter.20}% 7
\BOOKMARK [2][-]{subsection.22}{\376\377\000A\000p\000p\000r\000o\000a\000c\000h}{section.21}% 8
\BOOKMARK [2][-]{subsection.27}{\376\377\000E\000v\000a\000l\000u\000a\000t\000i\000o\000n}{section.21}% 9
\BOOKMARK [1][-]{section.31}{\376\377\000P\000h\000o\000t\000o\000m\000e\000t\000r\000i\000c\000\040\000S\000t\000e\000r\000e\000o}{chapter.20}% 10
\BOOKMARK [2][-]{subsection.32}{\376\377\000A\000p\000p\000r\000o\000a\000c\000h\000e\000s}{section.31}% 11
\BOOKMARK [1][-]{section.35}{\376\377\000G\000a\000t\000e\000d\000\040\000C\000o\000n\000v\000o\000l\000u\000t\000i\000o\000n\000\040\000n\000e\000u\000r\000a\000l\000\040\000n\000e\000t\000w\000o\000r\000k\000\040\000f\000o\000r\000\040\000s\000u\000r\000f\000a\000c\000e\000\040\000n\000o\000r\000m\000a\000l\000\040\000e\000s\000t\000i\000m\000a\000t\000i\000o\000n}{chapter.20}% 12
\BOOKMARK [2][-]{subsection.38}{\376\377\000G\000a\000t\000e\000d\000\040\000C\000o\000n\000v\000o\000l\000u\000t\000i\000o\000n}{section.35}% 13
\BOOKMARK [2][-]{subsection.41}{\376\377\000A\000r\000c\000h\000i\000t\000e\000c\000t\000u\000r\000e}{section.35}% 14
\BOOKMARK [2][-]{subsection.43}{\376\377\000L\000o\000s\000s\000\040\000F\000u\000n\000c\000t\000i\000o\000n}{section.35}% 15
\BOOKMARK [1][-]{section.50}{\376\377\000G\000u\000i\000d\000e\000d\000\040\000n\000o\000r\000m\000a\000l\000\040\000i\000n\000f\000e\000r\000e\000n\000c\000e\000\040\000u\000s\000i\000n\000g\000\040\000G\000C\000N\000N}{chapter.20}% 16
\BOOKMARK [2][-]{subsection.51}{\376\377\000L\000i\000g\000h\000t\000\040\000M\000a\000p}{section.50}% 17
\BOOKMARK [2][-]{subsection.54}{\376\377\000V\000I\000L\000\040\000N\000e\000t}{section.50}% 18
\BOOKMARK [2][-]{subsection.55}{\376\377\000T\000r\000i\000p\000-\000N\000e\000t}{section.50}% 19
\BOOKMARK [3][-]{section*.56}{\376\377\000S\000i\000d\000e\000-\000P\000i\000p\000e\000\050\000L\000i\000g\000h\000t\000\051}{subsection.55}% 20
\BOOKMARK [3][-]{section*.57}{\376\377\000S\000i\000d\000e\000-\000P\000i\000p\000e\000\050\000I\000m\000a\000g\000e\000\051}{subsection.55}% 21
\BOOKMARK [3][-]{section*.58}{\376\377\000M\000a\000i\000n\000-\000P\000i\000p\000e\000\050\000V\000e\000r\000t\000e\000x\000\051}{subsection.55}% 22
\BOOKMARK [0][-]{chapter.60}{\376\377\000D\000a\000t\000a\000s\000e\000t}{}% 23
\BOOKMARK [1][-]{section.61}{\376\377\000R\000e\000s\000o\000u\000r\000c\000e}{chapter.60}% 24
\BOOKMARK [1][-]{section.63}{\376\377\000S\000y\000n\000t\000h\000e\000s\000i\000z\000e\000\040\000S\000c\000e\000n\000e\000s\000\040\000u\000s\000i\000n\000g\000\040\000U\000n\000i\000t\000y}{chapter.60}% 25
\BOOKMARK [1][-]{section.67}{\376\377\000D\000a\000t\000a\000\040\000p\000r\000e\000p\000r\000o\000c\000e\000s\000s\000i\000n\000g}{chapter.60}% 26
\BOOKMARK [2][-]{subsection.68}{\376\377\000C\000o\000n\000v\000e\000r\000t\000\040\000t\000o\000\040\000P\000o\000i\000n\000t\000\040\000C\000l\000o\000u\000d}{section.67}% 27
\BOOKMARK [2][-]{subsection.70}{\376\377\000P\000o\000i\000n\000t\000\040\000C\000l\000o\000u\000d\000\040\000N\000o\000r\000m\000a\000l\000i\000z\000a\000t\000i\000o\000n}{section.67}% 28
\BOOKMARK [2][-]{subsection.73}{\376\377\000N\000o\000i\000s\000e}{section.67}% 29
\BOOKMARK [2][-]{subsection.75}{\376\377\000F\000i\000t\000\040\000t\000o\000\040\000P\000y\000T\000o\000r\000c\000h}{section.67}% 30
\BOOKMARK [0][-]{chapter.77}{\376\377\000E\000x\000p\000e\000r\000i\000m\000e\000n\000t\000s}{}% 31
\BOOKMARK [1][-]{section.78}{\376\377\000T\000r\000a\000i\000n\000i\000n\000g\000\040\000D\000e\000t\000a\000i\000l\000s}{chapter.77}% 32
\BOOKMARK [1][-]{section.80}{\376\377\000G\000C\000N\000N\000\040\000m\000o\000d\000e\000l\000\040\000b\000a\000s\000e\000d\000\040\000o\000n\000\040\000G\000e\000o\000m\000e\000t\000r\000y\000\040\000I\000n\000f\000o\000r\000m\000a\000t\000i\000o\000n}{chapter.77}% 33
\BOOKMARK [1][-]{section.82}{\376\377\000T\000r\000i\000p\000-\000N\000e\000t\000\040\000m\000o\000d\000e\000l\000\040\000b\000a\000s\000e\000d\000\040\000o\000n\000\040\000C\000a\000l\000i\000b\000r\000a\000t\000e\000d\000\040\000I\000l\000l\000u\000m\000i\000n\000a\000t\000e\000d\000\040\000R\000G\000B\000-\000D\000\040\000I\000m\000a\000g\000e}{chapter.77}% 34
\BOOKMARK [1][-]{section.85}{\376\377\000E\000v\000a\000l\000u\000a\000t\000i\000o\000n}{chapter.77}% 35
\BOOKMARK [1][-]{section.98}{\376\377\000V\000i\000s\000u\000a\000l\000i\000z\000a\000t\000i\000o\000n\000\040\000e\000v\000a\000l\000u\000a\000t\000i\000o\000n\000\040\000o\000n\000\040\000G\000C\000N\000N\000\040\000m\000o\000d\000e\000l}{chapter.77}% 36
\BOOKMARK [1][-]{section.102}{\376\377\000S\000u\000r\000f\000a\000c\000e\000\040\000N\000o\000r\000m\000a\000l\000\040\000I\000n\000f\000e\000r\000e\000n\000c\000e\000\040\000b\000a\000s\000e\000d\000\040\000o\000n\000\040\000C\000a\000l\000i\000b\000r\000a\000t\000e\000d\000\040\000I\000l\000l\000u\000m\000i\000n\000a\000t\000e\000d\000\040\000R\000G\000B\000D\000\040\000i\000m\000a\000g\000e\000s\000\040}{chapter.77}% 37
\BOOKMARK [1][-]{section.105}{\376\377\000M\000o\000r\000e\000\040\000C\000o\000m\000p\000a\000r\000i\000s\000o\000n}{chapter.77}% 38
\BOOKMARK [0][-]{chapter.108}{\376\377\000C\000o\000n\000c\000l\000u\000s\000i\000o\000n}{}% 39
\BOOKMARK [0][-]{appendix.109}{\376\377\000D\000a\000t\000a\000s\000e\000t}{}% 40
\BOOKMARK [1][-]{section.110}{\376\377\000D\000a\000t\000a\000s\000e\000t}{appendix.109}% 41
\BOOKMARK [0][-]{appendix*.114}{\376\377\000B\000i\000b\000l\000i\000o\000g\000r\000a\000p\000h\000y}{}% 42
